PRT1
220
492
4 0 2 (6144 5120 64 ) (6144 5120 6080 ) (5120 5120 6080 ) (5120 5120 64 ) 
4 0 1 (5120 5120 64 ) (5120 5120 6080 ) (5120 6144 6080 ) (5120 6144 64 ) 
4 1 4 (4096 5120 64 ) (4096 5120 6080 ) (4096 6144 6080 ) (4096 6144 64 ) 
4 1 3 (5120 5120 64 ) (5120 5120 6080 ) (4096 5120 6080 ) (4096 5120 64 ) 
4 2 12 (6144 4096 64 ) (6144 4096 6080 ) (5120 4096 6080 ) (5120 4096 64 ) 
4 2 3 (5120 5120 6080 ) (5120 5120 64 ) (5120 4096 64 ) (5120 4096 6080 ) 
4 3 13 (5120 4096 64 ) (5120 4096 6080 ) (4096 4096 6080 ) (4096 4096 64 ) 
4 3 6 (4096 4096 64 ) (4096 4096 6080 ) (4096 5120 6080 ) (4096 5120 64 ) 
4 4 6 (4096 5120 64 ) (4096 5120 6080 ) (3072 5120 6080 ) (3072 5120 64 ) 
4 4 5 (3072 5120 64 ) (3072 5120 6080 ) (3072 6144 6080 ) (3072 6144 64 ) 
4 5 8 (2048 5120 64 ) (2048 5120 6080 ) (2048 6144 6080 ) (2048 6144 64 ) 
4 5 7 (3072 5120 64 ) (3072 5120 6080 ) (2048 5120 6080 ) (2048 5120 64 ) 
4 6 20 (4096 4096 64 ) (4096 4096 6080 ) (3072 4096 6080 ) (3072 4096 64 ) 
4 6 7 (3072 5120 6080 ) (3072 5120 64 ) (3072 4096 64 ) (3072 4096 6080 ) 
4 7 21 (3072 4096 64 ) (3072 4096 6080 ) (2048 4096 6080 ) (2048 4096 64 ) 
4 7 10 (2048 4096 64 ) (2048 4096 6080 ) (2048 5120 6080 ) (2048 5120 64 ) 
4 8 10 (2048 5120 64 ) (2048 5120 6080 ) (1024 5120 6080 ) (1024 5120 64 ) 
4 8 9 (1024 5120 64 ) (1024 5120 6080 ) (1024 6144 6080 ) (1024 6144 64 ) 
4 9 54 (0 5120 64 ) (0 5120 6080 ) (0 6144 6080 ) (0 6144 64 ) 
4 9 11 (1024 5120 64 ) (1024 5120 6080 ) (0 5120 6080 ) (0 5120 64 ) 
4 10 24 (2048 4096 64 ) (2048 4096 6080 ) (1024 4096 6080 ) (1024 4096 64 ) 
4 10 11 (1024 5120 6080 ) (1024 5120 64 ) (1024 4096 64 ) (1024 4096 6080 ) 
4 11 56 (0 4096 64 ) (0 4096 6080 ) (0 5120 6080 ) (0 5120 64 ) 
4 11 25 (1024 4096 64 ) (1024 4096 6080 ) (0 4096 6080 ) (0 4096 64 ) 
4 12 14 (6144 3072 64 ) (6144 3072 6080 ) (5120 3072 6080 ) (5120 3072 64 ) 
4 12 13 (5120 4096 6080 ) (5120 4096 64 ) (5120 3072 64 ) (5120 3072 6080 ) 
4 13 20 (4096 4096 6080 ) (4096 4096 64 ) (4096 3072 64 ) (4096 3072 6080 ) 
4 13 15 (5120 3072 64 ) (5120 3072 6080 ) (4096 3072 6080 ) (4096 3072 64 ) 
4 14 16 (6144 2048 64 ) (6144 2048 6080 ) (5120 2048 6080 ) (5120 2048 64 ) 
4 14 15 (5120 3072 6080 ) (5120 3072 64 ) (5120 2048 64 ) (5120 2048 6080 ) 
4 15 22 (4096 2048 64 ) (4096 2048 6080 ) (4096 3072 6080 ) (4096 3072 64 ) 
4 15 17 (5120 2048 64 ) (5120 2048 6080 ) (4096 2048 6080 ) (4096 2048 64 ) 
4 16 18 (6144 1024 64 ) (6144 1024 6080 ) (5120 1024 6080 ) (5120 1024 64 ) 
4 16 17 (5120 2048 6080 ) (5120 2048 64 ) (5120 1024 64 ) (5120 1024 6080 ) 
4 17 28 (4096 1024 64 ) (4096 1024 6080 ) (4096 2048 6080 ) (4096 2048 64 ) 
4 17 19 (5120 1024 64 ) (5120 1024 6080 ) (4096 1024 6080 ) (4096 1024 64 ) 
4 18 111 (6144 0 64 ) (6144 0 6080 ) (5120 0 6080 ) (5120 0 64 ) 
4 18 19 (5120 1024 6080 ) (5120 1024 64 ) (5120 0 64 ) (5120 0 6080 ) 
4 19 112 (5120 0 64 ) (5120 0 6080 ) (4096 0 6080 ) (4096 0 64 ) 
4 19 30 (4096 0 64 ) (4096 0 6080 ) (4096 1024 6080 ) (4096 1024 64 ) 
4 20 22 (4096 3072 64 ) (4096 3072 6080 ) (3072 3072 6080 ) (3072 3072 64 ) 
4 20 21 (3072 4096 6080 ) (3072 4096 64 ) (3072 3072 64 ) (3072 3072 6080 ) 
4 21 24 (2048 4096 6080 ) (2048 4096 64 ) (2048 3072 64 ) (2048 3072 6080 ) 
4 21 23 (3072 3072 64 ) (3072 3072 6080 ) (2048 3072 6080 ) (2048 3072 64 ) 
4 22 28 (4096 2048 64 ) (4096 2048 6080 ) (3072 2048 6080 ) (3072 2048 64 ) 
4 22 23 (3072 3072 6080 ) (3072 3072 64 ) (3072 2048 64 ) (3072 2048 6080 ) 
4 23 29 (3072 2048 64 ) (3072 2048 6080 ) (2048 2048 6080 ) (2048 2048 64 ) 
4 23 26 (2048 2048 64 ) (2048 2048 6080 ) (2048 3072 6080 ) (2048 3072 64 ) 
4 24 26 (2048 3072 64 ) (2048 3072 6080 ) (1024 3072 6080 ) (1024 3072 64 ) 
4 24 25 (1024 4096 6080 ) (1024 4096 64 ) (1024 3072 64 ) (1024 3072 6080 ) 
4 25 66 (0 3072 64 ) (0 3072 6080 ) (0 4096 6080 ) (0 4096 64 ) 
4 25 27 (1024 3072 64 ) (1024 3072 6080 ) (0 3072 6080 ) (0 3072 64 ) 
4 26 38 (2048 2048 64 ) (2048 2048 2011.770020 ) (1024 2048 2011.770020 ) (1024 2048 64 ) 
4 26 32 (2048 2048 2011.770020 ) (2048 2048 6080 ) (1024 2048 6080 ) (1024 2048 2011.770020 ) 
4 26 27 (1024 3072 6080 ) (1024 3072 64 ) (1024 2048 64 ) (1024 2048 6080 ) 
4 27 68 (0 2048 64 ) (0 2048 6080 ) (0 3072 6080 ) (0 3072 64 ) 
4 27 41 (1024 2048 64 ) (1024 2048 2011.770020 ) (0 2048 2011.770020 ) (0 2048 64 ) 
4 27 40 (1024 2048 2011.770020 ) (1024 2048 6080 ) (0 2048 6080 ) (0 2048 2011.770020 ) 
4 28 30 (4096 1024 64 ) (4096 1024 6080 ) (3072 1024 6080 ) (3072 1024 64 ) 
4 28 29 (3072 2048 6080 ) (3072 2048 64 ) (3072 1024 64 ) (3072 1024 6080 ) 
4 29 39 (2048 1091.644531 64 ) (2048 1055.874512 64 ) (2048 1055.874634 2011.770020 ) (2048 1091.644409 2011.770020 ) 
4 29 38 (2048 2048 2011.770020 ) (2048 2048 64 ) (2048 1091.644531 64 ) (2048 1091.644409 2011.770020 ) 
4 29 33 (2048 1055.874512 64 ) (2048 1024 64 ) (2048 1024 2011.770020 ) (2048 1055.874634 2011.770020 ) 
4 29 32 (2048 2048 6080 ) (2048 2048 2011.770020 ) (2048 1024 2011.770020 ) (2048 1024 6080 ) 
4 29 31 (3072 1024 64 ) (3072 1024 6080 ) (2048 1024 6080 ) (2048 1024 64 ) 
4 30 119 (4096 0 64 ) (4096 0 6080 ) (3072 0 6080 ) (3072 0 64 ) 
4 30 31 (3072 1024 6080 ) (3072 1024 64 ) (3072 0 64 ) (3072 0 6080 ) 
4 31 120 (3072 0 64 ) (3072 0 6080 ) (2048 0 6080 ) (2048 0 64 ) 
4 31 52 (2048 221.195099 2011.770020 ) (2048 287.448547 2011.770020 ) (2048 287.448730 64 ) (2048 221.196106 64 ) 
4 31 51 (2048 287.448547 2011.770020 ) (2048 1024 2011.770020 ) (2048 1024 64 ) (2048 287.448730 64 ) 
4 31 47 (2048 0 64 ) (2048 0 2011.770020 ) (2048 221.195099 2011.770020 ) (2048 221.196106 64 ) 
4 31 46 (2048 0 2011.770020 ) (2048 0 6080 ) (2048 1024 6080 ) (2048 1024 2011.770020 ) 
4 32 46 (2048 1024 2011.770020 ) (2048 1024 6080 ) (1024 1024 6080 ) (1024 1024 2011.770020 ) 
4 32 40 (1024 2048 6080 ) (1024 2048 2011.770020 ) (1024 1024 2011.770020 ) (1024 1024 6080 ) 
4 32 39 (1084.772095 1596.614624 2011.770020 ) (2048 1091.644531 2011.770020 ) (2048 1055.874512 2011.770020 ) (1211.410400 1494.319824 2011.770020 ) 
4 32 38 (1024 1628.474243 2011.770020 ) (1024 2048 2011.770020 ) (2048 2048 2011.770020 ) (2048 1091.644531 2011.770020 ) 
4 32 37 (1464.449829 1289.923340 2011.770020 ) (1529.471558 1237.402466 2011.770020 ) (1622.615723 1066.751221 2011.770020 ) (1516.967041 1193.742065 2011.770020 ) 
3 32 36 (1380.670654 1357.595215 2011.770020 ) (1464.449829 1289.923340 2011.770020 ) (1516.953857 1193.766235 2011.770020 ) 
6 32 35 (1024 1024 2011.770020 ) (1024 1592.539063 2011.770020 ) (1066.959595 1570.024536 2011.770020 ) (1357.983887 1335.007080 2011.770020 ) (1596.012939 1048.975220 2011.770020 ) (1609.650024 1024 2011.770020 ) 
3 32 34 (1529.471558 1237.402466 2011.770020 ) (1793.667847 1024 2011.770020 ) (1645.949951 1024 2011.770020 ) 
4 32 33 (1211.389038 1494.331055 2011.770020 ) (2048 1055.874512 2011.770020 ) (2048 1024 2011.770020 ) (1793.667847 1024 2011.770020 ) 
4 33 51 (2048 1024 64 ) (2048 1024 2011.770020 ) (1793.667847 1024 2011.770020 ) (1793.667969 1024 64 ) 
4 33 39 (2048 1055.873047 64 ) (1211.394287 1494.326782 64 ) (1211.389526 1494.330688 2011.770020 ) (2048 1055.875000 2011.770020 ) 
4 33 37 (1464.450439 1289.923462 64 ) (1529.470947 1237.403564 64 ) (1529.470703 1237.404053 2011.770020 ) (1464.448975 1289.924805 2011.770020 ) 
4 33 36 (1380.668579 1357.597534 64 ) (1464.450439 1289.923462 64 ) (1464.448975 1289.924805 2011.770020 ) (1380.668457 1357.597778 2011.770020 ) 
4 33 34 (1529.470947 1237.403564 64 ) (1793.668457 1024 64 ) (1793.669067 1024 2011.770020 ) (1529.470703 1237.404053 2011.770020 ) 
4 34 51 (1793.667847 1024 2011.770020 ) (1645.949951 1024 2011.770020 ) (1645.949951 1024 64 ) (1793.667969 1024 64 ) 
4 34 37 (1529.474609 1237.398438 2011.770020 ) (1529.474609 1237.398438 64 ) (1622.599243 1066.782959 64 ) (1622.619141 1066.747070 2011.770020 ) 
4 35 50 (1609.650024 1024 2011.770020 ) (1024 1024 2011.770020 ) (1024 1024 64 ) (1609.650513 1024 64 ) 
4 35 45 (1024 1592.539063 64 ) (1024 1024 64 ) (1024 1024 2011.770020 ) (1024 1592.539063 2011.770020 ) 
4 36 37 (1516.955322 1193.764160 64 ) (1464.452148 1289.919922 64 ) (1464.451050 1289.920776 2011.770020 ) (1516.953735 1193.766113 2011.770020 ) 
4 38 44 (1024 1690.508423 64 ) (1024 1628.474243 64 ) (1024 1628.474243 2011.770020 ) (1024 1690.508423 2011.770020 ) 
4 38 43 (1024 1789.679688 64 ) (1024 1690.508423 64 ) (1024 1690.508423 2011.770020 ) (1024 1789.679688 2011.770020 ) 
4 38 42 (1024 1821.665039 64 ) (1024 1789.679688 64 ) (1024 1789.679688 2011.770020 ) (1024 1821.665039 2011.770020 ) 
4 38 41 (1024 2048 2011.770020 ) (1024 2048 64 ) (1024 1821.665039 64 ) (1024 1821.665039 2011.770020 ) 
4 38 39 (1084.763428 1596.621460 64 ) (2048 1091.646729 64 ) (2048 1091.644531 2011.770020 ) (1084.770020 1596.615967 2011.770020 ) 
4 40 74 (0 1024 2011.770020 ) (0 1024 6080 ) (0 2048 6080 ) (0 2048 2011.770020 ) 
4 40 53 (1024 1024 2011.770020 ) (1024 1024 6080 ) (0 1024 6080 ) (0 1024 2011.770020 ) 
6 40 45 (1024 1024 2011.770020 ) (0 1024 2011.770020 ) (0 1888 2011.770020 ) (375.027924 1851.991333 2011.770020 ) (734.993774 1744.003296 2011.770020 ) (1024 1592.539185 2011.770020 ) 
3 40 44 (747.263245 1773.553101 2011.770020 ) (1024 1690.508423 2011.770020 ) (1024 1628.481934 2011.770020 ) 
3 40 43 (538.032410 1836.340332 2011.770020 ) (1024 1789.679688 2011.770020 ) (1024 1690.508423 2011.770020 ) 
4 40 42 (381.233948 1883.390015 2011.770020 ) (1024 1821.665039 2011.770020 ) (1024 1789.679688 2011.770020 ) (538.031738 1836.340332 2011.770020 ) 
4 40 41 (0 1920 2011.770020 ) (0 2048 2011.770020 ) (1024 2048 2011.770020 ) (1024 1821.665039 2011.770020 ) 
4 41 75 (0 1920 2011.770020 ) (0 2048 2011.770020 ) (0 2048 64 ) (0 1920 64 ) 
4 41 42 (381.233948 1883.390015 64 ) (1024 1821.665039 64 ) (1024 1821.665039 2011.770020 ) (381.233948 1883.390015 2011.770020 ) 
4 42 43 (538.036743 1836.338867 64 ) (1024 1789.678711 64 ) (1024 1789.679199 2011.770020 ) (538.034180 1836.339600 2011.770020 ) 
4 43 44 (747.263489 1773.553101 64 ) (1024 1690.508423 64 ) (1024 1690.508057 2011.770020 ) (747.263977 1773.552734 2011.770020 ) 
4 45 78 (0 1024 64 ) (0 1024 2011.770020 ) (0 1888 2011.770020 ) (0 1888 64 ) 
4 45 53 (1024 1024 64 ) (1024 1024 2011.770020 ) (0 1024 2011.770020 ) (0 1024 64 ) 
4 46 123 (2048 0 2011.770020 ) (2048 0 6080 ) (1024 0 6080 ) (1024 0 2011.770020 ) 
4 46 53 (1024 1024 6080 ) (1024 1024 2011.770020 ) (1024 0 2011.770020 ) (1024 0 6080 ) 
4 46 52 (1803.549438 735.286377 2011.770020 ) (2048 287.448730 2011.770020 ) (2048 221.195068 2011.770020 ) (1850.099731 583.634583 2011.770020 ) 
3 46 51 (1645.956177 1024 2011.770020 ) (2048 1024 2011.770020 ) (2048 287.448730 2011.770020 ) 
6 46 50 (1920 0 2011.770020 ) (1024 0 2011.770020 ) (1024 1024 2011.770020 ) (1609.650146 1024 2011.770020 ) (1774.004028 722.998108 2011.770020 ) (1883.004517 367.985138 2011.770020 ) 
3 46 49 (1995.987793 0 2011.770020 ) (1952 0 2011.770020 ) (1930.590210 213 2011.770020 ) 
4 46 48 (2029.248291 0 2011.770020 ) (1995.987793 0 2011.770020 ) (1930.590332 212.998505 2011.770020 ) (1914.380005 374.243439 2011.770020 ) 
4 46 47 (2048 0 2011.770020 ) (2029.248291 0 2011.770020 ) (1850.124756 583.588623 2011.770020 ) (2048 221.195068 2011.770020 ) 
4 47 124 (2048 0 64 ) (2048 0 2011.770020 ) (2029.248291 0 2011.770020 ) (2029.248535 0 64 ) 
4 47 52 (2048 221.195313 64 ) (1850.125244 583.587830 64 ) (1850.124512 583.589539 2011.770020 ) (2048 221.195313 2011.770020 ) 
4 47 48 (1914.378906 374.252319 64 ) (2029.249878 0 64 ) (2029.249390 0 2011.770020 ) (1914.379395 374.249329 2011.770020 ) 
4 48 124 (2029.248291 0 2011.770020 ) (1995.987793 0 2011.770020 ) (1995.987793 0 64 ) (2029.248535 0 64 ) 
4 48 49 (1930.590576 212.994598 64 ) (1995.986694 0 64 ) (1995.986328 0 2011.770020 ) (1930.591064 212.992172 2011.770020 ) 
4 49 124 (1995.987793 0 2011.770020 ) (1952 0 2011.770020 ) (1952 0 64 ) (1995.987793 0 64 ) 
4 50 129 (1920 0 2011.770020 ) (1024 0 2011.770020 ) (1024 0 64 ) (1920 0 64 ) 
4 50 53 (1024 1024 2011.770020 ) (1024 1024 64 ) (1024 0 64 ) (1024 0 2011.770020 ) 
4 51 52 (1803.550171 735.283020 64 ) (2048 287.446533 64 ) (2048 287.449219 2011.770020 ) (1803.550049 735.284180 2011.770020 ) 
4 53 131 (1024 0 64 ) (1024 0 6080 ) (0 0 6080 ) (0 0 64 ) 
4 53 92 (0 0 64 ) (0 0 6080 ) (0 1024 6080 ) (0 1024 64 ) 
4 54 56 (0 5120 64 ) (0 5120 6080 ) (-1024 5120 6080 ) (-1024 5120 64 ) 
4 54 55 (-1024 5120 64 ) (-1024 5120 6080 ) (-1024 6144 6080 ) (-1024 6144 64 ) 
4 55 58 (-2048 5120 64 ) (-2048 5120 6080 ) (-2048 6144 6080 ) (-2048 6144 64 ) 
4 55 57 (-1024 5120 64 ) (-1024 5120 6080 ) (-2048 5120 6080 ) (-2048 5120 64 ) 
4 56 66 (0 4096 64 ) (0 4096 6080 ) (-1024 4096 6080 ) (-1024 4096 64 ) 
4 56 57 (-1024 5120 6080 ) (-1024 5120 64 ) (-1024 4096 64 ) (-1024 4096 6080 ) 
4 57 67 (-1024 4096 64 ) (-1024 4096 6080 ) (-2048 4096 6080 ) (-2048 4096 64 ) 
4 57 60 (-2048 4096 64 ) (-2048 4096 6080 ) (-2048 5120 6080 ) (-2048 5120 64 ) 
4 58 60 (-2048 5120 64 ) (-2048 5120 6080 ) (-3072 5120 6080 ) (-3072 5120 64 ) 
4 58 59 (-3072 5120 64 ) (-3072 5120 6080 ) (-3072 6144 6080 ) (-3072 6144 64 ) 
4 59 62 (-4096 5120 64 ) (-4096 5120 6080 ) (-4096 6144 6080 ) (-4096 6144 64 ) 
4 59 61 (-3072 5120 64 ) (-3072 5120 6080 ) (-4096 5120 6080 ) (-4096 5120 64 ) 
4 60 70 (-2048 4096 64 ) (-2048 4096 6080 ) (-3072 4096 6080 ) (-3072 4096 64 ) 
4 60 61 (-3072 5120 6080 ) (-3072 5120 64 ) (-3072 4096 64 ) (-3072 4096 6080 ) 
4 61 71 (-3072 4096 64 ) (-3072 4096 6080 ) (-4096 4096 6080 ) (-4096 4096 64 ) 
4 61 64 (-4096 4096 64 ) (-4096 4096 6080 ) (-4096 5120 6080 ) (-4096 5120 64 ) 
4 62 64 (-4096 5120 64 ) (-4096 5120 6080 ) (-5120 5120 6080 ) (-5120 5120 64 ) 
4 62 63 (-5120 5120 64 ) (-5120 5120 6080 ) (-5120 6144 6080 ) (-5120 6144 64 ) 
4 63 65 (-5120 5120 64 ) (-5120 5120 6080 ) (-6144 5120 6080 ) (-6144 5120 64 ) 
4 64 103 (-4096 4096 64 ) (-4096 4096 6080 ) (-5120 4096 6080 ) (-5120 4096 64 ) 
4 64 65 (-5120 5120 6080 ) (-5120 5120 64 ) (-5120 4096 64 ) (-5120 4096 6080 ) 
4 65 104 (-5120 4096 64 ) (-5120 4096 6080 ) (-6144 4096 6080 ) (-6144 4096 64 ) 
4 66 68 (0 3072 64 ) (0 3072 6080 ) (-1024 3072 6080 ) (-1024 3072 64 ) 
4 66 67 (-1024 4096 6080 ) (-1024 4096 64 ) (-1024 3072 64 ) (-1024 3072 6080 ) 
4 67 70 (-2048 4096 6080 ) (-2048 4096 64 ) (-2048 3072 64 ) (-2048 3072 6080 ) 
4 67 69 (-1024 3072 64 ) (-1024 3072 6080 ) (-2048 3072 6080 ) (-2048 3072 64 ) 
4 68 75 (0 2048 64 ) (0 2048 2011.770020 ) (-1024 2048 2011.770020 ) (-1024 2048 64 ) 
4 68 74 (0 2048 2011.770020 ) (0 2048 6080 ) (-1024 2048 6080 ) (-1024 2048 2011.770020 ) 
4 68 69 (-1024 3072 6080 ) (-1024 3072 64 ) (-1024 2048 64 ) (-1024 2048 6080 ) 
4 69 91 (-1050.535889 2048 2011.770020 ) (-1086.972656 2048 2011.770020 ) (-1086.973877 2048 64 ) (-1050.535889 2048 64 ) 
4 69 90 (-1086.972656 2048 2011.770020 ) (-2048 2048 2011.770020 ) (-2048 2048 64 ) (-1086.973877 2048 64 ) 
4 69 85 (-1024 2048 64 ) (-1024 2048 2011.770020 ) (-1050.535889 2048 2011.770020 ) (-1050.535889 2048 64 ) 
4 69 84 (-1024 2048 2011.770020 ) (-1024 2048 6080 ) (-2048 2048 6080 ) (-2048 2048 2011.770020 ) 
4 69 72 (-2048 2048 64 ) (-2048 2048 6080 ) (-2048 3072 6080 ) (-2048 3072 64 ) 
4 70 72 (-2048 3072 64 ) (-2048 3072 6080 ) (-3072 3072 6080 ) (-3072 3072 64 ) 
4 70 71 (-3072 4096 6080 ) (-3072 4096 64 ) (-3072 3072 64 ) (-3072 3072 6080 ) 
4 71 103 (-4096 4096 6080 ) (-4096 4096 64 ) (-4096 3072 64 ) (-4096 3072 6080 ) 
4 71 73 (-3072 3072 64 ) (-3072 3072 6080 ) (-4096 3072 6080 ) (-4096 3072 64 ) 
4 72 99 (-2048 2048 64 ) (-2048 2048 6080 ) (-3072 2048 6080 ) (-3072 2048 64 ) 
4 72 73 (-3072 3072 6080 ) (-3072 3072 64 ) (-3072 2048 64 ) (-3072 2048 6080 ) 
4 73 105 (-4096 2048 64 ) (-4096 2048 6080 ) (-4096 3072 6080 ) (-4096 3072 64 ) 
4 73 100 (-3072 2048 64 ) (-3072 2048 6080 ) (-4096 2048 6080 ) (-4096 2048 64 ) 
4 74 92 (0 1024 2011.770020 ) (0 1024 6080 ) (-1024 1024 6080 ) (-1024 1024 2011.770020 ) 
4 74 84 (-1024 2048 6080 ) (-1024 2048 2011.770020 ) (-1024 1024 2011.770020 ) (-1024 1024 6080 ) 
4 74 83 (-1024 1628.473511 2011.770020 ) (-1024 1986.320313 2011.770020 ) (-601.683594 1945.771240 2011.770020 ) (-940.180420 1672.414551 2011.770020 ) 
4 74 82 (-747.195313 1773.580322 2011.770020 ) (-447.037476 1930.922729 2011.770020 ) (-388.992065 1925.349487 2011.770020 ) (-586.650757 1821.754883 2011.770020 ) 
3 74 81 (-940.169128 1672.423706 2011.770020 ) (-601.683594 1945.771240 2011.770020 ) (-447.037476 1930.922729 2011.770020 ) 
4 74 80 (-381.250183 1883.389893 2011.770020 ) (-277.195496 1914.615234 2011.770020 ) (-193.174591 1906.547852 2011.770020 ) (-218.165146 1899.050293 2011.770020 ) 
3 74 79 (-193.174591 1906.547852 2011.770020 ) (-166.641998 1904 2011.770020 ) (-218.164917 1899.050415 2011.770020 ) 
6 74 78 (-1024 1024 2011.770020 ) (-1024 1592.536621 2011.770020 ) (-735.053711 1743.975708 2011.770020 ) (-374.987640 1852.001099 2011.770020 ) (0 1888 2011.770020 ) (0 1024 2011.770020 ) 
3 74 77 (-586.662720 1821.748657 2011.770020 ) (-388.992065 1925.349487 2011.770020 ) (-277.195496 1914.615234 2011.770020 ) 
4 74 76 (-1024 1986.320313 2011.770020 ) (-1024 2018.334961 2011.770020 ) (0 1920 2011.770020 ) (-166.641098 1904 2011.770020 ) 
4 74 75 (-1024 2018.334961 2011.770020 ) (-1024 2048 2011.770020 ) (0 2048 2011.770020 ) (0 1920 2011.770020 ) 
4 75 85 (-1024 2048 2011.770020 ) (-1024 2048 64 ) (-1024 2018.334961 64 ) (-1024 2018.334961 2011.770020 ) 
4 75 76 (-1024 2018.334961 64 ) (0 1920 64 ) (0 1920 2011.770020 ) (-1024 2018.334961 2011.770020 ) 
4 76 85 (-1024 2018.334961 64 ) (-1024 1986.320313 64 ) (-1024 1986.320313 2011.770020 ) (-1024 2018.334961 2011.770020 ) 
4 76 83 (-1024 1986.319824 64 ) (-601.684204 1945.770752 64 ) (-601.684265 1945.770630 2011.770020 ) (-1024 1986.319702 2011.770020 ) 
4 76 82 (-447.038269 1930.922241 64 ) (-388.992645 1925.348999 64 ) (-388.992981 1925.348877 2011.770020 ) (-447.038574 1930.922119 2011.770020 ) 
4 76 81 (-601.684204 1945.770752 64 ) (-447.038269 1930.922241 64 ) (-447.038574 1930.922119 2011.770020 ) (-601.684265 1945.770630 2011.770020 ) 
4 76 80 (-277.196808 1914.614868 64 ) (-193.175690 1906.547485 64 ) (-193.176239 1906.547363 2011.770020 ) (-277.197266 1914.614746 2011.770020 ) 
4 76 79 (-193.175690 1906.547485 64 ) (-166.643616 1904 64 ) (-166.644180 1904 2011.770020 ) (-193.176239 1906.547363 2011.770020 ) 
4 76 77 (-388.992645 1925.348999 64 ) (-277.196808 1914.614868 64 ) (-277.197266 1914.614746 2011.770020 ) (-388.992981 1925.348877 2011.770020 ) 
4 77 82 (-388.990631 1925.348389 2011.770020 ) (-388.990662 1925.348389 64 ) (-586.654541 1821.751099 64 ) (-586.654480 1821.751099 2011.770020 ) 
4 77 80 (-381.251526 1883.389771 64 ) (-277.196289 1914.615234 64 ) (-277.196259 1914.615234 2011.770020 ) (-381.251556 1883.389771 2011.770020 ) 
4 78 92 (0 1024 64 ) (0 1024 2011.770020 ) (-1024 1024 2011.770020 ) (-1024 1024 64 ) 
4 78 89 (-1024 1592.536621 64 ) (-1024 1024 64 ) (-1024 1024 2011.770020 ) (-1024 1592.536621 2011.770020 ) 
4 79 80 (-193.171387 1906.548218 2011.770020 ) (-193.171295 1906.548218 64 ) (-218.161728 1899.050659 64 ) (-218.161789 1899.050659 2011.770020 ) 
4 81 83 (-601.685486 1945.769531 2011.770020 ) (-601.685547 1945.769531 64 ) (-940.168701 1672.423950 64 ) (-940.161743 1672.427612 2011.770020 ) 
4 81 82 (-747.191895 1773.581787 64 ) (-447.037994 1930.922241 64 ) (-447.038025 1930.922241 2011.770020 ) (-747.193604 1773.580811 2011.770020 ) 
4 83 88 (-1024 1645.715454 64 ) (-1024 1628.473511 64 ) (-1024 1628.473511 2011.770020 ) (-1024 1645.715454 2011.770020 ) 
4 83 87 (-1024 1736.363892 64 ) (-1024 1645.715454 64 ) (-1024 1645.715454 2011.770020 ) (-1024 1736.363892 2011.770020 ) 
4 83 86 (-1024 1786.270752 64 ) (-1024 1736.363892 64 ) (-1024 1736.363892 2011.770020 ) (-1024 1786.270752 2011.770020 ) 
4 83 85 (-1024 1986.320313 64 ) (-1024 1786.270752 64 ) (-1024 1786.270752 2011.770020 ) (-1024 1986.320313 2011.770020 ) 
4 84 99 (-2048 2048 6080 ) (-2048 2048 2011.770020 ) (-2048 1024 2011.770020 ) (-2048 1024 6080 ) 
4 84 93 (-1024 1024 2011.770020 ) (-1024 1024 6080 ) (-2048 1024 6080 ) (-2048 1024 2011.770020 ) 
4 84 91 (-1622.590210 1066.789551 2011.770020 ) (-1086.972656 2048 2011.770020 ) (-1050.535889 2048 2011.770020 ) (-1516.976318 1193.730103 2011.770020 ) 
4 84 90 (-1645.947876 1024 2011.770020 ) (-2048 1024 2011.770020 ) (-2048 2048 2011.770020 ) (-1086.972656 2048 2011.770020 ) 
6 84 89 (-1024 1024 2011.770020 ) (-1609.650757 1024 2011.770020 ) (-1596.009644 1048.983276 2011.770020 ) (-1357.995239 1335.003906 2011.770020 ) (-1067 1570 2011.770020 ) (-1024 1592.536743 2011.770020 ) 
3 84 88 (-1084.807861 1596.595825 2011.770020 ) (-1024 1645.715454 2011.770020 ) (-1024 1628.473389 2011.770020 ) 
3 84 87 (-1254.124878 1459.824341 2011.770020 ) (-1024 1736.364014 2011.770020 ) (-1024 1645.715454 2011.770020 ) 
4 84 86 (-1380.574341 1357.680786 2011.770020 ) (-1024 1786.270752 2011.770020 ) (-1024 1736.364014 2011.770020 ) (-1254.115356 1459.835693 2011.770020 ) 
4 84 85 (-1516.976196 1193.730469 2011.770020 ) (-1050.535889 2048 2011.770020 ) (-1024 2048 2011.770020 ) (-1024 1786.270752 2011.770020 ) 
4 85 91 (-1050.534790 2048 64 ) (-1516.973633 1193.733398 64 ) (-1516.980469 1193.725220 2011.770020 ) (-1050.536987 2048 2011.770020 ) 
4 85 86 (-1380.570801 1357.683472 64 ) (-1024 1786.269531 64 ) (-1024 1786.265625 2011.770020 ) (-1380.568115 1357.685791 2011.770020 ) 
4 86 87 (-1254.112427 1459.838013 64 ) (-1024 1736.362793 64 ) (-1024 1736.362427 2011.770020 ) (-1254.111694 1459.838623 2011.770020 ) 
4 87 88 (-1084.804688 1596.597656 64 ) (-1024 1645.714600 64 ) (-1024 1645.714844 2011.770020 ) (-1084.805298 1596.597290 2011.770020 ) 
4 89 97 (-1024 1024 64 ) (-1024 1024 2011.770020 ) (-1609.650757 1024 2011.770020 ) (-1609.650757 1024 64 ) 
4 90 99 (-2048 2048 2011.770020 ) (-2048 2048 64 ) (-2048 1024 64 ) (-2048 1024 2011.770020 ) 
4 90 94 (-1645.947876 1024 2011.770020 ) (-2048 1024 2011.770020 ) (-2048 1024 64 ) (-1645.948975 1024 64 ) 
4 90 91 (-1622.592285 1066.787354 64 ) (-1086.973389 2048 64 ) (-1086.974609 2048 2011.770020 ) (-1622.593994 1066.785034 2011.770020 ) 
4 92 165 (0 0 64 ) (0 0 6080 ) (-1024 0 6080 ) (-1024 0 64 ) 
4 92 97 (-1024 1024 2011.770020 ) (-1024 1024 64 ) (-1024 0 64 ) (-1024 0 2011.770020 ) 
4 92 93 (-1024 1024 6080 ) (-1024 1024 2011.770020 ) (-1024 0 2011.770020 ) (-1024 0 6080 ) 
4 93 166 (-1024 0 2011.770020 ) (-1024 0 6080 ) (-2048 0 6080 ) (-2048 0 2011.770020 ) 
4 93 101 (-2048 0 2011.770020 ) (-2048 0 6080 ) (-2048 1024 6080 ) (-2048 1024 2011.770020 ) 
4 93 98 (-1995.998535 0 2011.770020 ) (-2029.252441 0 2011.770020 ) (-1914.381348 374.243530 2011.770020 ) (-1930.585449 213.028763 2011.770020 ) 
7 93 97 (-1024 0 2011.770020 ) (-1919.998901 0 2011.770020 ) (-1920 0.017083 2011.770020 ) (-1883 367.997864 2011.770020 ) (-1773.982788 723.031677 2011.770020 ) (-1609.650879 1024 2011.770020 ) (-1024 1024 2011.770020 ) 
3 93 96 (-1951.997559 0 2011.770020 ) (-1995.998535 0 2011.770020 ) (-1930.585449 213.028763 2011.770020 ) 
4 93 95 (-2029.252441 0 2011.770020 ) (-2048 0 2011.770020 ) (-2048 287.400208 2011.770020 ) (-1803.587402 735.204041 2011.770020 ) 
3 93 94 (-2048 287.400208 2011.770020 ) (-2048 1024 2011.770020 ) (-1645.961670 1024 2011.770020 ) 
4 94 101 (-2048 287.400208 2011.770020 ) (-2048 1024 2011.770020 ) (-2048 1024 64 ) (-2048 287.400208 64 ) 
4 94 95 (-2048 287.399261 64 ) (-1803.587769 735.202637 64 ) (-1803.587402 735.203979 2011.770020 ) (-2048 287.400024 2011.770020 ) 
4 95 167 (-2029.252441 0 2011.770020 ) (-2048 0 2011.770020 ) (-2048 0 64 ) (-2029.252441 0 64 ) 
4 95 101 (-2048 0 64 ) (-2048 0 2011.770020 ) (-2048 287.400208 2011.770020 ) (-2048 287.400208 64 ) 
4 95 98 (-2029.252686 0 64 ) (-1914.380859 374.247498 64 ) (-1914.380615 374.250000 2011.770020 ) (-2029.253784 0 2011.770020 ) 
4 96 167 (-1951.997559 0 2011.770020 ) (-1995.998535 0 2011.770020 ) (-1995.998901 0 64 ) (-1951.997559 0 64 ) 
4 96 98 (-1930.585571 213.027588 64 ) (-1995.998291 0 64 ) (-1995.998047 0 2011.770020 ) (-1930.585693 213.026306 2011.770020 ) 
4 97 170 (-1024 0 64 ) (-1024 0 2011.770020 ) (-1919.998901 0 2011.770020 ) (-1919.998901 0 64 ) 
4 98 167 (-1995.998535 0 2011.770020 ) (-2029.252441 0 2011.770020 ) (-2029.252441 0 64 ) (-1995.998901 0 64 ) 
4 99 101 (-2048 1024 64 ) (-2048 1024 6080 ) (-3072 1024 6080 ) (-3072 1024 64 ) 
4 99 100 (-3072 2048 6080 ) (-3072 2048 64 ) (-3072 1024 64 ) (-3072 1024 6080 ) 
4 100 107 (-4096 1024 64 ) (-4096 1024 6080 ) (-4096 2048 6080 ) (-4096 2048 64 ) 
4 100 102 (-3072 1024 64 ) (-3072 1024 6080 ) (-4096 1024 6080 ) (-4096 1024 64 ) 
4 101 188 (-2048 0 64 ) (-2048 0 6080 ) (-3072 0 6080 ) (-3072 0 64 ) 
4 101 102 (-3072 1024 6080 ) (-3072 1024 64 ) (-3072 0 64 ) (-3072 0 6080 ) 
4 102 189 (-3072 0 64 ) (-3072 0 6080 ) (-4096 0 6080 ) (-4096 0 64 ) 
4 102 109 (-4096 0 64 ) (-4096 0 6080 ) (-4096 1024 6080 ) (-4096 1024 64 ) 
4 103 105 (-4096 3072 64 ) (-4096 3072 6080 ) (-5120 3072 6080 ) (-5120 3072 64 ) 
4 103 104 (-5120 4096 6080 ) (-5120 4096 64 ) (-5120 3072 64 ) (-5120 3072 6080 ) 
4 104 106 (-5120 3072 64 ) (-5120 3072 6080 ) (-6144 3072 6080 ) (-6144 3072 64 ) 
4 105 107 (-4096 2048 64 ) (-4096 2048 6080 ) (-5120 2048 6080 ) (-5120 2048 64 ) 
4 105 106 (-5120 3072 6080 ) (-5120 3072 64 ) (-5120 2048 64 ) (-5120 2048 6080 ) 
4 106 108 (-5120 2048 64 ) (-5120 2048 6080 ) (-6144 2048 6080 ) (-6144 2048 64 ) 
4 107 109 (-4096 1024 64 ) (-4096 1024 6080 ) (-5120 1024 6080 ) (-5120 1024 64 ) 
4 107 108 (-5120 2048 6080 ) (-5120 2048 64 ) (-5120 1024 64 ) (-5120 1024 6080 ) 
4 108 110 (-5120 1024 64 ) (-5120 1024 6080 ) (-6144 1024 6080 ) (-6144 1024 64 ) 
4 109 200 (-4096 0 64 ) (-4096 0 6080 ) (-5120 0 6080 ) (-5120 0 64 ) 
4 109 110 (-5120 1024 6080 ) (-5120 1024 64 ) (-5120 0 64 ) (-5120 0 6080 ) 
4 110 201 (-5120 0 64 ) (-5120 0 6080 ) (-6144 0 6080 ) (-6144 0 64 ) 
4 111 113 (6144 -1024 64 ) (6144 -1024 6080 ) (5120 -1024 6080 ) (5120 -1024 64 ) 
4 111 112 (5120 0 6080 ) (5120 0 64 ) (5120 -1024 64 ) (5120 -1024 6080 ) 
4 112 119 (4096 0 6080 ) (4096 0 64 ) (4096 -1024 64 ) (4096 -1024 6080 ) 
4 112 114 (5120 -1024 64 ) (5120 -1024 6080 ) (4096 -1024 6080 ) (4096 -1024 64 ) 
4 113 115 (6144 -2048 64 ) (6144 -2048 6080 ) (5120 -2048 6080 ) (5120 -2048 64 ) 
4 113 114 (5120 -1024 6080 ) (5120 -1024 64 ) (5120 -2048 64 ) (5120 -2048 6080 ) 
4 114 121 (4096 -2048 64 ) (4096 -2048 6080 ) (4096 -1024 6080 ) (4096 -1024 64 ) 
4 114 116 (5120 -2048 64 ) (5120 -2048 6080 ) (4096 -2048 6080 ) (4096 -2048 64 ) 
4 115 117 (6144 -3072 64 ) (6144 -3072 6080 ) (5120 -3072 6080 ) (5120 -3072 64 ) 
4 115 116 (5120 -2048 6080 ) (5120 -2048 64 ) (5120 -3072 64 ) (5120 -3072 6080 ) 
4 116 145 (4096 -3072 64 ) (4096 -3072 6080 ) (4096 -2048 6080 ) (4096 -2048 64 ) 
4 116 118 (5120 -3072 64 ) (5120 -3072 6080 ) (4096 -3072 6080 ) (4096 -3072 64 ) 
4 117 153 (6144 -4096 64 ) (6144 -4096 6080 ) (5120 -4096 6080 ) (5120 -4096 64 ) 
4 117 118 (5120 -3072 6080 ) (5120 -3072 64 ) (5120 -4096 64 ) (5120 -4096 6080 ) 
4 118 154 (5120 -4096 64 ) (5120 -4096 6080 ) (4096 -4096 6080 ) (4096 -4096 64 ) 
4 118 147 (4096 -4096 64 ) (4096 -4096 6080 ) (4096 -3072 6080 ) (4096 -3072 64 ) 
4 119 121 (4096 -1024 64 ) (4096 -1024 6080 ) (3072 -1024 6080 ) (3072 -1024 64 ) 
4 119 120 (3072 0 6080 ) (3072 0 64 ) (3072 -1024 64 ) (3072 -1024 6080 ) 
4 120 124 (2048 0 2011.770020 ) (2048 0 64 ) (2048 -1024 64 ) (2048 -1024 2011.770020 ) 
4 120 123 (2048 0 6080 ) (2048 0 2011.770020 ) (2048 -1024 2011.770020 ) (2048 -1024 6080 ) 
4 120 122 (3072 -1024 64 ) (3072 -1024 6080 ) (2048 -1024 6080 ) (2048 -1024 64 ) 
4 121 145 (4096 -2048 64 ) (4096 -2048 6080 ) (3072 -2048 6080 ) (3072 -2048 64 ) 
4 121 122 (3072 -1024 6080 ) (3072 -1024 64 ) (3072 -2048 64 ) (3072 -2048 6080 ) 
4 122 146 (3072 -2048 64 ) (3072 -2048 6080 ) (2048 -2048 6080 ) (2048 -2048 64 ) 
4 122 133 (2048 -2048 64 ) (2048 -2048 2011.770020 ) (2048 -1024 2011.770020 ) (2048 -1024 64 ) 
4 122 132 (2048 -2048 2011.770020 ) (2048 -2048 6080 ) (2048 -1024 6080 ) (2048 -1024 2011.770020 ) 
4 123 132 (2048 -1024 2011.770020 ) (2048 -1024 6080 ) (1024 -1024 6080 ) (1024 -1024 2011.770020 ) 
4 123 131 (1024 0 6080 ) (1024 0 2011.770020 ) (1024 -1024 2011.770020 ) (1024 -1024 6080 ) 
4 123 130 (1803.579468 -735.230652 2011.770020 ) (1714.949097 -1024 2011.770020 ) (1681.588379 -1024 2011.770020 ) (1727.407227 -874.767578 2011.770020 ) 
7 123 129 (1024 -1024 2011.770020 ) (1024 0 2011.770020 ) (1920 0 2011.770020 ) (1920.001221 -0.011592 2011.770020 ) (1883 -368 2011.770020 ) (1774.011963 -722.975281 2011.770020 ) (1609.650269 -1024 2011.770020 ) 
3 123 128 (1727.407104 -874.767700 2011.770020 ) (1681.588379 -1024 2011.770020 ) (1645.954468 -1024 2011.770020 ) 
3 123 127 (1866.779785 -529.316040 2011.770020 ) (1817.039429 -1024 2011.770020 ) (1714.949097 -1024 2011.770020 ) 
4 123 126 (1914.379761 -374.241150 2011.770020 ) (1849.067871 -1024 2011.770020 ) (1817.039429 -1024 2011.770020 ) (1866.779663 -529.317505 2011.770020 ) 
3 123 125 (1936 -159.149155 2011.770020 ) (2022.948242 -1024 2011.770020 ) (1849.067871 -1024 2011.770020 ) 
5 123 124 (1952 0 2011.770020 ) (2048 0 2011.770020 ) (2048 -1024 2011.770020 ) (2022.948242 -1024 2011.770020 ) (1936 -159.151917 2011.770020 ) 
4 124 133 (2048 -1024 64 ) (2048 -1024 2011.770020 ) (2022.948242 -1024 2011.770020 ) (2022.948242 -1024 64 ) 
4 124 125 (1936 -159.149475 64 ) (2022.948730 -1024 64 ) (2022.948242 -1024 2011.770020 ) (1936 -159.151917 2011.770020 ) 
4 125 133 (2022.948242 -1024 2011.770020 ) (1849.067871 -1024 2011.770020 ) (1849.067749 -1024 64 ) (2022.948242 -1024 64 ) 
4 125 126 (1914.378784 -374.245056 64 ) (1849.067383 -1024 64 ) (1849.067871 -1024 2011.770020 ) (1914.379150 -374.243042 2011.770020 ) 
4 126 133 (1849.067871 -1024 2011.770020 ) (1817.039429 -1024 2011.770020 ) (1817.039429 -1024 64 ) (1849.067749 -1024 64 ) 
4 126 127 (1866.779297 -529.319580 64 ) (1817.039307 -1024 64 ) (1817.039307 -1024 2011.770020 ) (1866.779419 -529.318604 2011.770020 ) 
4 127 133 (1817.039429 -1024 2011.770020 ) (1714.949097 -1024 2011.770020 ) (1714.949219 -1024 64 ) (1817.039429 -1024 64 ) 
4 127 130 (1803.579468 -735.230774 64 ) (1714.949097 -1024 64 ) (1714.947266 -1024 2011.770020 ) (1803.577637 -735.234192 2011.770020 ) 
4 128 133 (1681.588379 -1024 2011.770020 ) (1645.954468 -1024 2011.770020 ) (1645.954346 -1024 64 ) (1681.588623 -1024 64 ) 
4 128 130 (1681.587646 -1024 64 ) (1727.405884 -874.769897 64 ) (1727.406494 -874.768921 2011.770020 ) (1681.588135 -1024 2011.770020 ) 
4 129 137 (1609.650269 -1024 2011.770020 ) (1024 -1024 2011.770020 ) (1024 -1024 64 ) (1609.650146 -1024 64 ) 
4 129 131 (1024 0 2011.770020 ) (1024 0 64 ) (1024 -1024 64 ) (1024 -1024 2011.770020 ) 
4 130 133 (1714.949097 -1024 2011.770020 ) (1681.588379 -1024 2011.770020 ) (1681.588623 -1024 64 ) (1714.949219 -1024 64 ) 
4 131 165 (0 0 6080 ) (0 0 64 ) (0 -1024 64 ) (0 -1024 6080 ) 
4 131 144 (1024 -1024 64 ) (1024 -1024 2011.770020 ) (0 -1024 2011.770020 ) (0 -1024 64 ) 
4 131 140 (1024 -1024 2011.770020 ) (1024 -1024 6080 ) (0 -1024 6080 ) (0 -1024 2011.770020 ) 
4 132 149 (2048 -2048 2011.770020 ) (2048 -2048 6080 ) (1024 -2048 6080 ) (1024 -2048 2011.770020 ) 
4 132 140 (1024 -1024 6080 ) (1024 -1024 2011.770020 ) (1024 -2048 2011.770020 ) (1024 -2048 6080 ) 
3 132 139 (1024 -1645.714111 2011.770020 ) (1024 -1628.482422 2011.770020 ) (1084.768433 -1596.625488 2011.770020 ) 
3 132 138 (1024 -1736.352783 2011.770020 ) (1024 -1645.714111 2011.770020 ) (1254.130737 -1459.815186 2011.770020 ) 
6 132 137 (1024 -1592.540527 2011.770020 ) (1024 -1024 2011.770020 ) (1609.650146 -1024 2011.770020 ) (1595.990112 -1049.018188 2011.770020 ) (1358 -1335 2011.770020 ) (1066.966919 -1570.021606 2011.770020 ) 
4 132 136 (1024 -1786.302979 2011.770020 ) (1024 -1736.352783 2011.770020 ) (1254.130737 -1459.815186 2011.770020 ) (1380.631836 -1357.627930 2011.770020 ) 
4 132 135 (1050.538574 -2048 2011.770020 ) (1024 -2048 2011.770020 ) (1024 -1786.302979 2011.770020 ) (1516.960327 -1193.759521 2011.770020 ) 
4 132 134 (1087.043091 -2048 2011.770020 ) (1050.538574 -2048 2011.770020 ) (1516.937500 -1193.801025 2011.770020 ) (1622.600830 -1066.786987 2011.770020 ) 
4 132 133 (2048 -2048 2011.770020 ) (1087.043091 -2048 2011.770020 ) (1645.954468 -1024 2011.770020 ) (2048 -1024 2011.770020 ) 
4 133 149 (2048 -2048 64 ) (2048 -2048 2011.770020 ) (1087.043091 -2048 2011.770020 ) (1087.043091 -2048 64 ) 
4 133 134 (1622.606445 -1066.774170 64 ) (1087.041992 -2048 64 ) (1087.042969 -2048 2011.770020 ) (1622.597168 -1066.791260 2011.770020 ) 
4 134 149 (1087.043091 -2048 2011.770020 ) (1050.538574 -2048 2011.770020 ) (1050.538574 -2048 64 ) (1087.043091 -2048 64 ) 
4 134 135 (1516.946655 -1193.783813 64 ) (1050.538330 -2048 64 ) (1050.537109 -2048 2011.770020 ) (1516.932251 -1193.807251 2011.770020 ) 
4 135 149 (1050.538574 -2048 2011.770020 ) (1024 -2048 2011.770020 ) (1024 -2048 64 ) (1050.538574 -2048 64 ) 
4 135 142 (1024 -1786.302856 64 ) (1024 -1821.670532 64 ) (1024 -1821.670654 2011.770020 ) (1024 -1786.302979 2011.770020 ) 
4 135 141 (1024 -1821.670532 64 ) (1024 -2048 64 ) (1024 -2048 2011.770020 ) (1024 -1821.670654 2011.770020 ) 
4 135 136 (1380.620239 -1357.637207 64 ) (1024 -1786.298340 64 ) (1024 -1786.299316 2011.770020 ) (1380.620850 -1357.636719 2011.770020 ) 
4 136 142 (1024 -1736.352783 64 ) (1024 -1786.302856 64 ) (1024 -1786.302979 2011.770020 ) (1024 -1736.352783 2011.770020 ) 
4 136 138 (1254.135010 -1459.811523 64 ) (1024 -1736.354492 64 ) (1024 -1736.351563 2011.770020 ) (1254.130249 -1459.815552 2011.770020 ) 
4 137 144 (1024 -1024 2011.770020 ) (1024 -1024 64 ) (1024 -1592.540527 64 ) (1024 -1592.540527 2011.770020 ) 
4 138 142 (1024 -1645.714111 64 ) (1024 -1736.352783 64 ) (1024 -1736.352783 2011.770020 ) (1024 -1645.714111 2011.770020 ) 
4 138 139 (1084.765015 -1596.627319 64 ) (1024 -1645.713135 64 ) (1024 -1645.710938 2011.770020 ) (1084.759277 -1596.630371 2011.770020 ) 
4 139 142 (1024 -1628.482422 64 ) (1024 -1645.714111 64 ) (1024 -1645.714111 2011.770020 ) (1024 -1628.482422 2011.770020 ) 
4 140 171 (0 -2048 2011.770020 ) (0 -2048 6080 ) (0 -1024 6080 ) (0 -1024 2011.770020 ) 
4 140 150 (1024 -2048 2011.770020 ) (1024 -2048 6080 ) (0 -2048 6080 ) (0 -2048 2011.770020 ) 
6 140 144 (0 -1888 2011.770020 ) (0 -1024 2011.770020 ) (1024 -1024 2011.770020 ) (1024 -1592.540527 2011.770020 ) (735.022949 -1743.993042 2011.770020 ) (375.013000 -1851.995117 2011.770020 ) 
3 140 143 (747.262573 -1773.557617 2011.770020 ) (572.846436 -1864.992554 2011.770020 ) (381.255981 -1883.390015 2011.770020 ) 
3 140 142 (1024 -1628.482422 2011.770020 ) (1024 -1821.670532 2011.770020 ) (572.846436 -1864.992554 2011.770020 ) 
4 140 141 (1024 -2048 2011.770020 ) (0 -2048 2011.770020 ) (0 -1920 2011.770020 ) (1024 -1821.670532 2011.770020 ) 
4 141 172 (0 -2048 64 ) (0 -2048 2011.770020 ) (0 -1920 2011.770020 ) (0 -1920 64 ) 
4 141 150 (1024 -2048 64 ) (1024 -2048 2011.770020 ) (0 -2048 2011.770020 ) (0 -2048 64 ) 
4 141 143 (572.846558 -1864.992432 64 ) (381.256714 -1883.389893 64 ) (381.256073 -1883.390015 2011.770020 ) (572.846252 -1864.992554 2011.770020 ) 
4 141 142 (1024 -1821.670410 64 ) (572.846558 -1864.992432 64 ) (572.846252 -1864.992554 2011.770020 ) (1024 -1821.670410 2011.770020 ) 
4 142 143 (747.263367 -1773.557373 64 ) (572.849609 -1864.991211 64 ) (572.849304 -1864.991333 2011.770020 ) (747.264221 -1773.557129 2011.770020 ) 
4 144 179 (0 -1888 2011.770020 ) (0 -1024 2011.770020 ) (0 -1024 64 ) (0 -1888 64 ) 
4 145 147 (4096 -3072 64 ) (4096 -3072 6080 ) (3072 -3072 6080 ) (3072 -3072 64 ) 
4 145 146 (3072 -2048 6080 ) (3072 -2048 64 ) (3072 -3072 64 ) (3072 -3072 6080 ) 
4 146 149 (2048 -2048 6080 ) (2048 -2048 64 ) (2048 -3072 64 ) (2048 -3072 6080 ) 
4 146 148 (3072 -3072 64 ) (3072 -3072 6080 ) (2048 -3072 6080 ) (2048 -3072 64 ) 
4 147 157 (4096 -4096 64 ) (4096 -4096 6080 ) (3072 -4096 6080 ) (3072 -4096 64 ) 
4 147 148 (3072 -3072 6080 ) (3072 -3072 64 ) (3072 -4096 64 ) (3072 -4096 6080 ) 
4 148 158 (3072 -4096 64 ) (3072 -4096 6080 ) (2048 -4096 6080 ) (2048 -4096 64 ) 
4 148 151 (2048 -4096 64 ) (2048 -4096 6080 ) (2048 -3072 6080 ) (2048 -3072 64 ) 
4 149 151 (2048 -3072 64 ) (2048 -3072 6080 ) (1024 -3072 6080 ) (1024 -3072 64 ) 
4 149 150 (1024 -2048 6080 ) (1024 -2048 64 ) (1024 -3072 64 ) (1024 -3072 6080 ) 
4 150 192 (0 -3072 64 ) (0 -3072 6080 ) (0 -2048 6080 ) (0 -2048 64 ) 
4 150 152 (1024 -3072 64 ) (1024 -3072 6080 ) (0 -3072 6080 ) (0 -3072 64 ) 
4 151 161 (2048 -4096 64 ) (2048 -4096 6080 ) (1024 -4096 6080 ) (1024 -4096 64 ) 
4 151 152 (1024 -3072 6080 ) (1024 -3072 64 ) (1024 -4096 64 ) (1024 -4096 6080 ) 
4 152 194 (0 -4096 64 ) (0 -4096 6080 ) (0 -3072 6080 ) (0 -3072 64 ) 
4 152 162 (1024 -4096 64 ) (1024 -4096 6080 ) (0 -4096 6080 ) (0 -4096 64 ) 
4 153 155 (6144 -5120 64 ) (6144 -5120 6080 ) (5120 -5120 6080 ) (5120 -5120 64 ) 
4 153 154 (5120 -4096 6080 ) (5120 -4096 64 ) (5120 -5120 64 ) (5120 -5120 6080 ) 
4 154 157 (4096 -4096 6080 ) (4096 -4096 64 ) (4096 -5120 64 ) (4096 -5120 6080 ) 
4 154 156 (5120 -5120 64 ) (5120 -5120 6080 ) (4096 -5120 6080 ) (4096 -5120 64 ) 
4 155 156 (5120 -5120 6080 ) (5120 -5120 64 ) (5120 -6144 64 ) (5120 -6144 6080 ) 
4 156 159 (4096 -6144 64 ) (4096 -6144 6080 ) (4096 -5120 6080 ) (4096 -5120 64 ) 
4 157 159 (4096 -5120 64 ) (4096 -5120 6080 ) (3072 -5120 6080 ) (3072 -5120 64 ) 
4 157 158 (3072 -4096 6080 ) (3072 -4096 64 ) (3072 -5120 64 ) (3072 -5120 6080 ) 
4 158 161 (2048 -4096 6080 ) (2048 -4096 64 ) (2048 -5120 64 ) (2048 -5120 6080 ) 
4 158 160 (3072 -5120 64 ) (3072 -5120 6080 ) (2048 -5120 6080 ) (2048 -5120 64 ) 
4 159 160 (3072 -5120 6080 ) (3072 -5120 64 ) (3072 -6144 64 ) (3072 -6144 6080 ) 
4 160 163 (2048 -6144 64 ) (2048 -6144 6080 ) (2048 -5120 6080 ) (2048 -5120 64 ) 
4 161 163 (2048 -5120 64 ) (2048 -5120 6080 ) (1024 -5120 6080 ) (1024 -5120 64 ) 
4 161 162 (1024 -4096 6080 ) (1024 -4096 64 ) (1024 -5120 64 ) (1024 -5120 6080 ) 
4 162 208 (0 -5120 64 ) (0 -5120 6080 ) (0 -4096 6080 ) (0 -4096 64 ) 
4 162 164 (1024 -5120 64 ) (1024 -5120 6080 ) (0 -5120 6080 ) (0 -5120 64 ) 
4 163 164 (1024 -5120 6080 ) (1024 -5120 64 ) (1024 -6144 64 ) (1024 -6144 6080 ) 
4 164 210 (0 -6144 64 ) (0 -6144 6080 ) (0 -5120 6080 ) (0 -5120 64 ) 
4 165 179 (0 -1024 64 ) (0 -1024 2011.770020 ) (-1024 -1024 2011.770020 ) (-1024 -1024 64 ) 
4 165 171 (0 -1024 2011.770020 ) (0 -1024 6080 ) (-1024 -1024 6080 ) (-1024 -1024 2011.770020 ) 
4 165 170 (-1024 0 2011.770020 ) (-1024 0 64 ) (-1024 -1024 64 ) (-1024 -1024 2011.770020 ) 
4 165 166 (-1024 0 6080 ) (-1024 0 2011.770020 ) (-1024 -1024 2011.770020 ) (-1024 -1024 6080 ) 
4 166 188 (-2048 0 6080 ) (-2048 0 2011.770020 ) (-2048 -1024 2011.770020 ) (-2048 -1024 6080 ) 
4 166 180 (-1024 -1024 2011.770020 ) (-1024 -1024 6080 ) (-2048 -1024 6080 ) (-2048 -1024 2011.770020 ) 
6 166 170 (-1024 -1024 2011.770020 ) (-1609.650146 -1024 2011.770020 ) (-1774.009644 -722.979919 2011.770020 ) (-1883 -368 2011.770020 ) (-1919.998901 0 2011.770020 ) (-1024 0 2011.770020 ) 
3 166 169 (-1803.571411 -735.253113 2011.770020 ) (-1894.915405 -567.913086 2011.770020 ) (-1914.381470 -374.253082 2011.770020 ) 
3 166 168 (-1645.956543 -1024 2011.770020 ) (-1849.071167 -1024 2011.770020 ) (-1894.915405 -567.913086 2011.770020 ) 
4 166 167 (-1849.071167 -1024 2011.770020 ) (-2048 -1024 2011.770020 ) (-2048 0 2011.770020 ) (-1952 0 2011.770020 ) 
4 167 188 (-2048 0 2011.770020 ) (-2048 0 64 ) (-2048 -1024 64 ) (-2048 -1024 2011.770020 ) 
4 167 186 (-1849.071167 -1024 2011.770020 ) (-2048 -1024 2011.770020 ) (-2048 -1024 64 ) (-1849.071167 -1024 64 ) 
4 167 169 (-1894.915161 -567.913330 64 ) (-1914.381104 -374.254486 64 ) (-1914.381226 -374.254028 2011.770020 ) (-1894.915161 -567.913574 2011.770020 ) 
4 167 168 (-1849.070923 -1024 64 ) (-1894.915161 -567.913330 64 ) (-1894.915161 -567.913574 2011.770020 ) (-1849.070801 -1024 2011.770020 ) 
4 168 187 (-1743.132568 -1024 2011.770020 ) (-1793.680176 -1024 2011.770020 ) (-1793.680176 -1024 64 ) (-1743.132568 -1024 64 ) 
4 168 186 (-1793.680176 -1024 2011.770020 ) (-1849.071167 -1024 2011.770020 ) (-1849.071167 -1024 64 ) (-1793.680176 -1024 64 ) 
4 168 184 (-1645.956543 -1024 2011.770020 ) (-1658.182495 -1024 2011.770020 ) (-1658.182495 -1024 64 ) (-1645.956543 -1024 64 ) 
4 168 183 (-1658.182495 -1024 2011.770020 ) (-1743.132568 -1024 2011.770020 ) (-1743.132568 -1024 64 ) (-1658.182495 -1024 64 ) 
4 168 169 (-1803.571777 -735.251831 64 ) (-1894.914063 -567.914063 64 ) (-1894.914063 -567.914063 2011.770020 ) (-1803.572388 -735.249878 2011.770020 ) 
4 170 185 (-1024 -1024 64 ) (-1024 -1024 2011.770020 ) (-1609.650146 -1024 2011.770020 ) (-1609.650269 -1024 64 ) 
4 171 192 (0 -2048 2011.770020 ) (0 -2048 6080 ) (-1024 -2048 6080 ) (-1024 -2048 2011.770020 ) 
4 171 180 (-1024 -1024 6080 ) (-1024 -1024 2011.770020 ) (-1024 -2048 2011.770020 ) (-1024 -2048 6080 ) 
7 171 179 (-1024 -1592.536011 2011.770020 ) (-1024 -1024 2011.770020 ) (0 -1024 2011.770020 ) (0 -1888 2011.770020 ) (-0.024268 -1888.002319 2011.770020 ) (-375.025391 -1851.997559 2011.770020 ) (-734.995178 -1744.001343 2011.770020 ) 
3 171 178 (-1024 -1657.295776 2011.770020 ) (-1024 -1628.479492 2011.770020 ) (-895.447693 -1695.863281 2011.770020 ) 
4 171 177 (-1024 -1690.512695 2011.770020 ) (-1024 -1657.295776 2011.770020 ) (-895.440552 -1695.865479 2011.770020 ) (-747.240601 -1773.561890 2011.770020 ) 
3 171 176 (-1024 -1789.687988 2011.770020 ) (-1024 -1690.512695 2011.770020 ) (-538 -1836.349976 2011.770020 ) 
4 171 175 (-1024 -1821.663818 2011.770020 ) (-1024 -1789.687988 2011.770020 ) (-538 -1836.349976 2011.770020 ) (-381.264465 -1883.389404 2011.770020 ) 
3 171 174 (-1024 -1986.313843 2011.770020 ) (-1024 -1821.663818 2011.770020 ) (-166.650452 -1904 2011.770020 ) 
4 171 173 (-1024 -2018.329590 2011.770020 ) (-1024 -1986.313843 2011.770020 ) (-166.645447 -1904 2011.770020 ) (0 -1920 2011.770020 ) 
4 171 172 (-1024 -2048 2011.770020 ) (-1024 -2018.329590 2011.770020 ) (0 -1920 2011.770020 ) (0 -2048 2011.770020 ) 
4 172 192 (0 -2048 64 ) (0 -2048 2011.770020 ) (-1024 -2048 2011.770020 ) (-1024 -2048 64 ) 
4 172 181 (-1024 -2018.329468 64 ) (-1024 -2048 64 ) (-1024 -2048 2011.770020 ) (-1024 -2018.329590 2011.770020 ) 
4 172 173 (0 -1920 64 ) (-1024 -2018.329102 64 ) (-1024 -2018.329590 2011.770020 ) (0 -1920 2011.770020 ) 
4 173 181 (-1024 -1986.313843 64 ) (-1024 -2018.329468 64 ) (-1024 -2018.329590 2011.770020 ) (-1024 -1986.313843 2011.770020 ) 
4 173 174 (-166.640549 -1904 64 ) (-1024 -1986.314697 64 ) (-1024 -1986.313843 2011.770020 ) (-166.645447 -1904 2011.770020 ) 
4 174 181 (-1024 -1821.663818 64 ) (-1024 -1986.313843 64 ) (-1024 -1986.313843 2011.770020 ) (-1024 -1821.663818 2011.770020 ) 
4 174 175 (-381.264557 -1883.389404 64 ) (-1024 -1821.663696 64 ) (-1024 -1821.663086 2011.770020 ) (-381.265076 -1883.389160 2011.770020 ) 
4 175 181 (-1024 -1789.687988 64 ) (-1024 -1821.663818 64 ) (-1024 -1821.663818 2011.770020 ) (-1024 -1789.687988 2011.770020 ) 
4 175 176 (-538 -1836.350098 64 ) (-1024 -1789.687988 64 ) (-1024 -1789.688477 2011.770020 ) (-537.998901 -1836.350342 2011.770020 ) 
4 176 181 (-1024 -1690.512695 64 ) (-1024 -1789.687988 64 ) (-1024 -1789.687988 2011.770020 ) (-1024 -1690.512695 2011.770020 ) 
4 176 177 (-747.248779 -1773.557617 64 ) (-1024 -1690.510986 64 ) (-1024 -1690.511719 2011.770020 ) (-747.247192 -1773.558472 2011.770020 ) 
4 177 181 (-1024 -1657.295776 64 ) (-1024 -1690.512695 64 ) (-1024 -1690.512695 2011.770020 ) (-1024 -1657.295776 2011.770020 ) 
4 177 178 (-895.442993 -1695.864258 64 ) (-1024 -1657.295288 64 ) (-1024 -1657.295288 2011.770020 ) (-895.442993 -1695.864258 2011.770020 ) 
4 178 181 (-1024 -1628.479492 64 ) (-1024 -1657.295776 64 ) (-1024 -1657.295776 2011.770020 ) (-1024 -1628.479492 2011.770020 ) 
4 179 185 (-1024 -1024 2011.770020 ) (-1024 -1024 64 ) (-1024 -1592.536011 64 ) (-1024 -1592.536011 2011.770020 ) 
4 180 193 (-1024 -2048 2011.770020 ) (-1024 -2048 6080 ) (-2048 -2048 6080 ) (-2048 -2048 2011.770020 ) 
4 180 190 (-2048 -2048 2011.770020 ) (-2048 -2048 6080 ) (-2048 -1024 6080 ) (-2048 -1024 2011.770020 ) 
4 180 187 (-1793.680176 -1024 2011.770020 ) (-1743.132813 -1024 2011.770020 ) (-1484.330566 -1232.991577 2011.770020 ) (-1380.615356 -1357.649780 2011.770020 ) 
4 180 186 (-2048 -1055.864868 2011.770020 ) (-2048 -1024 2011.770020 ) (-1793.680176 -1024 2011.770020 ) (-1211.439087 -1494.300537 2011.770020 ) 
6 180 185 (-1609.650269 -1024 2011.770020 ) (-1024 -1024 2011.770020 ) (-1024 -1592.536133 2011.770020 ) (-1067 -1570 2011.770020 ) (-1357.995972 -1335.010986 2011.770020 ) (-1596.009033 -1048.983643 2011.770020 ) 
3 180 184 (-1658.182617 -1024 2011.770020 ) (-1645.956543 -1024 2011.770020 ) (-1622.625977 -1066.740967 2011.770020 ) 
3 180 183 (-1743.132813 -1024 2011.770020 ) (-1658.182617 -1024 2011.770020 ) (-1484.299805 -1233.016357 2011.770020 ) 
4 180 182 (-2048 -1091.723999 2011.770020 ) (-2048 -1055.864868 2011.770020 ) (-1211.424316 -1494.308350 2011.770020 ) (-1084.744507 -1596.638672 2011.770020 ) 
4 180 181 (-1024 -2048 2011.770020 ) (-2048 -2048 2011.770020 ) (-2048 -1091.723999 2011.770020 ) (-1024 -1628.479370 2011.770020 ) 
4 181 193 (-1024 -2048 64 ) (-1024 -2048 2011.770020 ) (-2048 -2048 2011.770020 ) (-2048 -2048 64 ) 
4 181 190 (-2048 -2048 64 ) (-2048 -2048 2011.770020 ) (-2048 -1091.723999 2011.770020 ) (-2048 -1091.723999 64 ) 
4 181 182 (-1084.743286 -1596.639648 64 ) (-2048 -1091.724609 64 ) (-2048 -1091.724609 2011.770020 ) (-1084.743286 -1596.639771 2011.770020 ) 
4 182 190 (-2048 -1091.723999 2011.770020 ) (-2048 -1055.864868 2011.770020 ) (-2048 -1055.864868 64 ) (-2048 -1091.723999 64 ) 
4 182 186 (-1211.427490 -1494.305786 64 ) (-2048 -1055.864014 64 ) (-2048 -1055.863281 2011.770020 ) (-1211.427979 -1494.305420 2011.770020 ) 
4 183 187 (-1743.128906 -1024 64 ) (-1484.306274 -1233.008423 64 ) (-1484.304688 -1233.010254 2011.770020 ) (-1743.130127 -1024 2011.770020 ) 
4 183 184 (-1622.621460 -1066.749268 64 ) (-1658.184937 -1024 64 ) (-1658.187500 -1024 2011.770020 ) (-1622.617310 -1066.756592 2011.770020 ) 
4 186 190 (-2048 -1055.864868 2011.770020 ) (-2048 -1024 2011.770020 ) (-2048 -1024 64 ) (-2048 -1055.864868 64 ) 
4 186 187 (-1380.615723 -1357.649170 64 ) (-1793.679688 -1024 64 ) (-1793.679199 -1024 2011.770020 ) (-1380.616211 -1357.648682 2011.770020 ) 
4 188 190 (-2048 -1024 64 ) (-2048 -1024 6080 ) (-3072 -1024 6080 ) (-3072 -1024 64 ) 
4 188 189 (-3072 0 6080 ) (-3072 0 64 ) (-3072 -1024 64 ) (-3072 -1024 6080 ) 
4 189 200 (-4096 0 6080 ) (-4096 0 64 ) (-4096 -1024 64 ) (-4096 -1024 6080 ) 
4 189 191 (-3072 -1024 64 ) (-3072 -1024 6080 ) (-4096 -1024 6080 ) (-4096 -1024 64 ) 
4 190 196 (-2048 -2048 64 ) (-2048 -2048 6080 ) (-3072 -2048 6080 ) (-3072 -2048 64 ) 
4 190 191 (-3072 -1024 6080 ) (-3072 -1024 64 ) (-3072 -2048 64 ) (-3072 -2048 6080 ) 
4 191 202 (-4096 -2048 64 ) (-4096 -2048 6080 ) (-4096 -1024 6080 ) (-4096 -1024 64 ) 
4 191 197 (-3072 -2048 64 ) (-3072 -2048 6080 ) (-4096 -2048 6080 ) (-4096 -2048 64 ) 
4 192 194 (0 -3072 64 ) (0 -3072 6080 ) (-1024 -3072 6080 ) (-1024 -3072 64 ) 
4 192 193 (-1024 -2048 6080 ) (-1024 -2048 64 ) (-1024 -3072 64 ) (-1024 -3072 6080 ) 
4 193 196 (-2048 -2048 6080 ) (-2048 -2048 64 ) (-2048 -3072 64 ) (-2048 -3072 6080 ) 
4 193 195 (-1024 -3072 64 ) (-1024 -3072 6080 ) (-2048 -3072 6080 ) (-2048 -3072 64 ) 
4 194 208 (0 -4096 64 ) (0 -4096 6080 ) (-1024 -4096 6080 ) (-1024 -4096 64 ) 
4 194 195 (-1024 -3072 6080 ) (-1024 -3072 64 ) (-1024 -4096 64 ) (-1024 -4096 6080 ) 
4 195 209 (-1024 -4096 64 ) (-1024 -4096 6080 ) (-2048 -4096 6080 ) (-2048 -4096 64 ) 
4 195 198 (-2048 -4096 64 ) (-2048 -4096 6080 ) (-2048 -3072 6080 ) (-2048 -3072 64 ) 
4 196 198 (-2048 -3072 64 ) (-2048 -3072 6080 ) (-3072 -3072 6080 ) (-3072 -3072 64 ) 
4 196 197 (-3072 -2048 6080 ) (-3072 -2048 64 ) (-3072 -3072 64 ) (-3072 -3072 6080 ) 
4 197 204 (-4096 -3072 64 ) (-4096 -3072 6080 ) (-4096 -2048 6080 ) (-4096 -2048 64 ) 
4 197 199 (-3072 -3072 64 ) (-3072 -3072 6080 ) (-4096 -3072 6080 ) (-4096 -3072 64 ) 
4 198 212 (-2048 -4096 64 ) (-2048 -4096 6080 ) (-3072 -4096 6080 ) (-3072 -4096 64 ) 
4 198 199 (-3072 -3072 6080 ) (-3072 -3072 64 ) (-3072 -4096 64 ) (-3072 -4096 6080 ) 
4 199 213 (-3072 -4096 64 ) (-3072 -4096 6080 ) (-4096 -4096 6080 ) (-4096 -4096 64 ) 
4 199 206 (-4096 -4096 64 ) (-4096 -4096 6080 ) (-4096 -3072 6080 ) (-4096 -3072 64 ) 
4 200 202 (-4096 -1024 64 ) (-4096 -1024 6080 ) (-5120 -1024 6080 ) (-5120 -1024 64 ) 
4 200 201 (-5120 0 6080 ) (-5120 0 64 ) (-5120 -1024 64 ) (-5120 -1024 6080 ) 
4 201 203 (-5120 -1024 64 ) (-5120 -1024 6080 ) (-6144 -1024 6080 ) (-6144 -1024 64 ) 
4 202 204 (-4096 -2048 64 ) (-4096 -2048 6080 ) (-5120 -2048 6080 ) (-5120 -2048 64 ) 
4 202 203 (-5120 -1024 6080 ) (-5120 -1024 64 ) (-5120 -2048 64 ) (-5120 -2048 6080 ) 
4 203 205 (-5120 -2048 64 ) (-5120 -2048 6080 ) (-6144 -2048 6080 ) (-6144 -2048 64 ) 
4 204 206 (-4096 -3072 64 ) (-4096 -3072 6080 ) (-5120 -3072 6080 ) (-5120 -3072 64 ) 
4 204 205 (-5120 -2048 6080 ) (-5120 -2048 64 ) (-5120 -3072 64 ) (-5120 -3072 6080 ) 
4 205 207 (-5120 -3072 64 ) (-5120 -3072 6080 ) (-6144 -3072 6080 ) (-6144 -3072 64 ) 
4 206 216 (-4096 -4096 64 ) (-4096 -4096 6080 ) (-5120 -4096 6080 ) (-5120 -4096 64 ) 
4 206 207 (-5120 -3072 6080 ) (-5120 -3072 64 ) (-5120 -4096 64 ) (-5120 -4096 6080 ) 
4 207 217 (-5120 -4096 64 ) (-5120 -4096 6080 ) (-6144 -4096 6080 ) (-6144 -4096 64 ) 
4 208 210 (0 -5120 64 ) (0 -5120 6080 ) (-1024 -5120 6080 ) (-1024 -5120 64 ) 
4 208 209 (-1024 -4096 6080 ) (-1024 -4096 64 ) (-1024 -5120 64 ) (-1024 -5120 6080 ) 
4 209 212 (-2048 -4096 6080 ) (-2048 -4096 64 ) (-2048 -5120 64 ) (-2048 -5120 6080 ) 
4 209 211 (-1024 -5120 64 ) (-1024 -5120 6080 ) (-2048 -5120 6080 ) (-2048 -5120 64 ) 
4 210 211 (-1024 -5120 6080 ) (-1024 -5120 64 ) (-1024 -6144 64 ) (-1024 -6144 6080 ) 
4 211 214 (-2048 -6144 64 ) (-2048 -6144 6080 ) (-2048 -5120 6080 ) (-2048 -5120 64 ) 
4 212 214 (-2048 -5120 64 ) (-2048 -5120 6080 ) (-3072 -5120 6080 ) (-3072 -5120 64 ) 
4 212 213 (-3072 -4096 6080 ) (-3072 -4096 64 ) (-3072 -5120 64 ) (-3072 -5120 6080 ) 
4 213 216 (-4096 -4096 6080 ) (-4096 -4096 64 ) (-4096 -5120 64 ) (-4096 -5120 6080 ) 
4 213 215 (-3072 -5120 64 ) (-3072 -5120 6080 ) (-4096 -5120 6080 ) (-4096 -5120 64 ) 
4 214 215 (-3072 -5120 6080 ) (-3072 -5120 64 ) (-3072 -6144 64 ) (-3072 -6144 6080 ) 
4 215 218 (-4096 -6144 64 ) (-4096 -6144 6080 ) (-4096 -5120 6080 ) (-4096 -5120 64 ) 
4 216 218 (-4096 -5120 64 ) (-4096 -5120 6080 ) (-5120 -5120 6080 ) (-5120 -5120 64 ) 
4 216 217 (-5120 -4096 6080 ) (-5120 -4096 64 ) (-5120 -5120 64 ) (-5120 -5120 6080 ) 
4 217 219 (-5120 -5120 64 ) (-5120 -5120 6080 ) (-6144 -5120 6080 ) (-6144 -5120 64 ) 
4 218 219 (-5120 -5120 6080 ) (-5120 -5120 64 ) (-5120 -6144 64 ) (-5120 -6144 6080 ) 
